100.05.31 00:03 B D:\vanessa\Cybertown\work\cityhall_new\cityhall2\vrml\arch.jpg <-- ctdev /services/http/80/htdocs/places/cityhall2/vrml arch.jpg
100.05.31 00:03 B D:\vanessa\Cybertown\work\cityhall_new\cityhall2\vrml\base.jpg <-- ctdev /services/http/80/htdocs/places/cityhall2/vrml base.jpg
100.05.31 00:03 B D:\vanessa\Cybertown\work\cityhall_new\cityhall2\vrml\bfloor.jpg <-- ctdev /services/http/80/htdocs/places/cityhall2/vrml bfloor.jpg
100.05.31 00:03 B D:\vanessa\Cybertown\work\cityhall_new\cityhall2\vrml\black.jpg <-- ctdev /services/http/80/htdocs/places/cityhall2/vrml black.jpg
100.05.31 00:03 B D:\vanessa\Cybertown\work\cityhall_new\cityhall2\vrml\bllit.jpg <-- ctdev /services/http/80/htdocs/places/cityhall2/vrml bllit.jpg
100.05.31 00:03 B D:\vanessa\Cybertown\work\cityhall_new\cityhall2\vrml\blwall.jpg <-- ctdev /services/http/80/htdocs/places/cityhall2/vrml blwall.jpg
100.05.31 00:03 B D:\vanessa\Cybertown\work\cityhall_new\cityhall2\vrml\cityhall2.wrl <-- ctdev /services/http/80/htdocs/places/cityhall2/vrml cityhall2.wrl
100.05.31 00:03 B D:\vanessa\Cybertown\work\cityhall_new\cityhall2\vrml\column.jpg <-- ctdev /services/http/80/htdocs/places/cityhall2/vrml column.jpg
100.05.31 00:03 B D:\vanessa\Cybertown\work\cityhall_new\cityhall2\vrml\door.jpg <-- ctdev /services/http/80/htdocs/places/cityhall2/vrml door.jpg
100.05.31 00:03 B D:\vanessa\Cybertown\work\cityhall_new\cityhall2\vrml\doraine.jpg <-- ctdev /services/http/80/htdocs/places/cityhall2/vrml doraine.jpg
100.05.31 00:03 B D:\vanessa\Cybertown\work\cityhall_new\cityhall2\vrml\eagle.jpg <-- ctdev /services/http/80/htdocs/places/cityhall2/vrml eagle.jpg
100.05.31 00:03 B D:\vanessa\Cybertown\work\cityhall_new\cityhall2\vrml\exit.jpg <-- ctdev /services/http/80/htdocs/places/cityhall2/vrml exit.jpg
100.05.31 00:03 B D:\vanessa\Cybertown\work\cityhall_new\cityhall2\vrml\floor.jpg <-- ctdev /services/http/80/htdocs/places/cityhall2/vrml floor.jpg
100.05.31 00:03 B D:\vanessa\Cybertown\work\cityhall_new\cityhall2\vrml\flyby.jpg <-- ctdev /services/http/80/htdocs/places/cityhall2/vrml flyby.jpg
100.05.31 00:03 B D:\vanessa\Cybertown\work\cityhall_new\cityhall2\vrml\glass.png <-- ctdev /services/http/80/htdocs/places/cityhall2/vrml glass.png
100.05.31 00:03 B D:\vanessa\Cybertown\work\cityhall_new\cityhall2\vrml\goldtrim.jpg <-- ctdev /services/http/80/htdocs/places/cityhall2/vrml goldtrim.jpg
100.05.31 00:03 B D:\vanessa\Cybertown\work\cityhall_new\cityhall2\vrml\greenceiling.jpg <-- ctdev /services/http/80/htdocs/places/cityhall2/vrml greenceiling.jpg
100.05.31 00:03 B D:\vanessa\Cybertown\work\cityhall_new\cityhall2\vrml\greenfloor.jpg <-- ctdev /services/http/80/htdocs/places/cityhall2/vrml greenfloor.jpg
100.05.31 00:03 B D:\vanessa\Cybertown\work\cityhall_new\cityhall2\vrml\greenwall.jpg <-- ctdev /services/http/80/htdocs/places/cityhall2/vrml greenwall.jpg
100.05.31 00:03 B D:\vanessa\Cybertown\work\cityhall_new\cityhall2\vrml\iwos.jpg <-- ctdev /services/http/80/htdocs/places/cityhall2/vrml iwos.jpg
100.05.31 00:03 B D:\vanessa\Cybertown\work\cityhall_new\cityhall2\vrml\light.jpg <-- ctdev /services/http/80/htdocs/places/cityhall2/vrml light.jpg
100.05.31 00:03 B D:\vanessa\Cybertown\work\cityhall_new\cityhall2\vrml\moulding.jpg <-- ctdev /services/http/80/htdocs/places/cityhall2/vrml moulding.jpg
100.05.31 00:03 B D:\vanessa\Cybertown\work\cityhall_new\cityhall2\vrml\murmur.wav <-- ctdev /services/http/80/htdocs/places/cityhall2/vrml murmur.wav
100.05.31 00:03 B D:\vanessa\Cybertown\work\cityhall_new\cityhall2\vrml\pledge.jpg <-- ctdev /services/http/80/htdocs/places/cityhall2/vrml pledge.jpg
100.05.31 00:03 B D:\vanessa\Cybertown\work\cityhall_new\cityhall2\vrml\podium.jpg <-- ctdev /services/http/80/htdocs/places/cityhall2/vrml podium.jpg
100.05.31 00:03 B D:\vanessa\Cybertown\work\cityhall_new\cityhall2\vrml\ribs.jpg <-- ctdev /services/http/80/htdocs/places/cityhall2/vrml ribs.jpg
100.05.31 00:03 B D:\vanessa\Cybertown\work\cityhall_new\cityhall2\vrml\sidlit2.jpg <-- ctdev /services/http/80/htdocs/places/cityhall2/vrml sidlit2.jpg
100.05.31 00:03 B D:\vanessa\Cybertown\work\cityhall_new\cityhall2\vrml\sidlit3.jpg <-- ctdev /services/http/80/htdocs/places/cityhall2/vrml sidlit3.jpg
100.05.31 00:03 B D:\vanessa\Cybertown\work\cityhall_new\cityhall2\vrml\sidwal2.jpg <-- ctdev /services/http/80/htdocs/places/cityhall2/vrml sidwal2.jpg
100.05.31 00:03 B D:\vanessa\Cybertown\work\cityhall_new\cityhall2\vrml\symb.jpg <-- ctdev /services/http/80/htdocs/places/cityhall2/vrml symb.jpg
100.05.31 00:03 B D:\vanessa\Cybertown\work\cityhall_new\cityhall2\vrml\the_plaza.jpg <-- ctdev /services/http/80/htdocs/places/cityhall2/vrml the_plaza.jpg
100.05.31 00:03 B D:\vanessa\Cybertown\work\cityhall_new\cityhall2\vrml\wall.jpg <-- ctdev /services/http/80/htdocs/places/cityhall2/vrml wall.jpg
100.05.31 00:11 B D:\vanessa\Cybertown\work\cityhall_new\cityhall2\vrml\arch.jpg --> cybertown.com /services/http/80/htdocs/places/cityhall2/vrml arch.jpg
100.05.31 00:11 B D:\vanessa\Cybertown\work\cityhall_new\cityhall2\vrml\base.jpg --> cybertown.com /services/http/80/htdocs/places/cityhall2/vrml base.jpg
100.05.31 00:11 B D:\vanessa\Cybertown\work\cityhall_new\cityhall2\vrml\bfloor.jpg --> cybertown.com /services/http/80/htdocs/places/cityhall2/vrml bfloor.jpg
100.05.31 00:11 B D:\vanessa\Cybertown\work\cityhall_new\cityhall2\vrml\black.jpg --> cybertown.com /services/http/80/htdocs/places/cityhall2/vrml black.jpg
100.05.31 00:11 B D:\vanessa\Cybertown\work\cityhall_new\cityhall2\vrml\bllit.jpg --> cybertown.com /services/http/80/htdocs/places/cityhall2/vrml bllit.jpg
100.05.31 00:11 B D:\vanessa\Cybertown\work\cityhall_new\cityhall2\vrml\blwall.jpg --> cybertown.com /services/http/80/htdocs/places/cityhall2/vrml blwall.jpg
100.05.31 00:11 B D:\vanessa\Cybertown\work\cityhall_new\cityhall2\vrml\cityhall2.wrl --> cybertown.com /services/http/80/htdocs/places/cityhall2/vrml cityhall2.wrl
100.05.31 00:11 B D:\vanessa\Cybertown\work\cityhall_new\cityhall2\vrml\column.jpg --> cybertown.com /services/http/80/htdocs/places/cityhall2/vrml column.jpg
100.05.31 00:11 B D:\vanessa\Cybertown\work\cityhall_new\cityhall2\vrml\door.jpg --> cybertown.com /services/http/80/htdocs/places/cityhall2/vrml door.jpg
100.05.31 00:11 B D:\vanessa\Cybertown\work\cityhall_new\cityhall2\vrml\doraine.jpg --> cybertown.com /services/http/80/htdocs/places/cityhall2/vrml doraine.jpg
100.05.31 00:11 B D:\vanessa\Cybertown\work\cityhall_new\cityhall2\vrml\eagle.jpg --> cybertown.com /services/http/80/htdocs/places/cityhall2/vrml eagle.jpg
100.05.31 00:11 B D:\vanessa\Cybertown\work\cityhall_new\cityhall2\vrml\exit.jpg --> cybertown.com /services/http/80/htdocs/places/cityhall2/vrml exit.jpg
100.05.31 00:11 B D:\vanessa\Cybertown\work\cityhall_new\cityhall2\vrml\floor.jpg --> cybertown.com /services/http/80/htdocs/places/cityhall2/vrml floor.jpg
100.05.31 00:11 B D:\vanessa\Cybertown\work\cityhall_new\cityhall2\vrml\flyby.jpg --> cybertown.com /services/http/80/htdocs/places/cityhall2/vrml flyby.jpg
100.05.31 00:11 B D:\vanessa\Cybertown\work\cityhall_new\cityhall2\vrml\glass.png --> cybertown.com /services/http/80/htdocs/places/cityhall2/vrml glass.png
100.05.31 00:11 B D:\vanessa\Cybertown\work\cityhall_new\cityhall2\vrml\goldtrim.jpg --> cybertown.com /services/http/80/htdocs/places/cityhall2/vrml goldtrim.jpg
100.05.31 00:11 B D:\vanessa\Cybertown\work\cityhall_new\cityhall2\vrml\greenceiling.jpg --> cybertown.com /services/http/80/htdocs/places/cityhall2/vrml greenceiling.jpg
100.05.31 00:11 B D:\vanessa\Cybertown\work\cityhall_new\cityhall2\vrml\greenfloor.jpg --> cybertown.com /services/http/80/htdocs/places/cityhall2/vrml greenfloor.jpg
100.05.31 00:11 B D:\vanessa\Cybertown\work\cityhall_new\cityhall2\vrml\greenwall.jpg --> cybertown.com /services/http/80/htdocs/places/cityhall2/vrml greenwall.jpg
100.05.31 00:11 B D:\vanessa\Cybertown\work\cityhall_new\cityhall2\vrml\iwos.jpg --> cybertown.com /services/http/80/htdocs/places/cityhall2/vrml iwos.jpg
100.05.31 00:11 B D:\vanessa\Cybertown\work\cityhall_new\cityhall2\vrml\light.jpg --> cybertown.com /services/http/80/htdocs/places/cityhall2/vrml light.jpg
100.05.31 00:11 B D:\vanessa\Cybertown\work\cityhall_new\cityhall2\vrml\moulding.jpg --> cybertown.com /services/http/80/htdocs/places/cityhall2/vrml moulding.jpg
100.05.31 00:11 B D:\vanessa\Cybertown\work\cityhall_new\cityhall2\vrml\murmur.wav --> cybertown.com /services/http/80/htdocs/places/cityhall2/vrml murmur.wav
100.05.31 00:11 B D:\vanessa\Cybertown\work\cityhall_new\cityhall2\vrml\pledge.jpg --> cybertown.com /services/http/80/htdocs/places/cityhall2/vrml pledge.jpg
100.05.31 00:11 B D:\vanessa\Cybertown\work\cityhall_new\cityhall2\vrml\podium.jpg --> cybertown.com /services/http/80/htdocs/places/cityhall2/vrml podium.jpg
100.05.31 00:11 B D:\vanessa\Cybertown\work\cityhall_new\cityhall2\vrml\ribs.jpg --> cybertown.com /services/http/80/htdocs/places/cityhall2/vrml ribs.jpg
100.05.31 00:11 B D:\vanessa\Cybertown\work\cityhall_new\cityhall2\vrml\sidlit2.jpg --> cybertown.com /services/http/80/htdocs/places/cityhall2/vrml sidlit2.jpg
100.05.31 00:11 B D:\vanessa\Cybertown\work\cityhall_new\cityhall2\vrml\sidlit3.jpg --> cybertown.com /services/http/80/htdocs/places/cityhall2/vrml sidlit3.jpg
100.05.31 00:11 B D:\vanessa\Cybertown\work\cityhall_new\cityhall2\vrml\sidwal2.jpg --> cybertown.com /services/http/80/htdocs/places/cityhall2/vrml sidwal2.jpg
100.05.31 00:11 B D:\vanessa\Cybertown\work\cityhall_new\cityhall2\vrml\symb.jpg --> cybertown.com /services/http/80/htdocs/places/cityhall2/vrml symb.jpg
100.05.31 00:11 B D:\vanessa\Cybertown\work\cityhall_new\cityhall2\vrml\the_plaza.jpg --> cybertown.com /services/http/80/htdocs/places/cityhall2/vrml the_plaza.jpg
100.05.31 00:11 B D:\vanessa\Cybertown\work\cityhall_new\cityhall2\vrml\wall.jpg --> cybertown.com /services/http/80/htdocs/places/cityhall2/vrml wall.jpg
100.05.31 00:11 B D:\vanessa\Cybertown\work\cityhall_new\cityhall2\vrml\WS_FTP.LOG --> cybertown.com /services/http/80/htdocs/places/cityhall2/vrml WS_FTP.LOG
100.05.31 00:16 A D:\vanessa\Cybertown\work\cityhall_new\cityhall2\vrml\arch.jpg --> cybertown.com /services/http/80/htdocs/places/cityhall2/vrml arch.jpg
100.05.31 00:16 A D:\vanessa\Cybertown\work\cityhall_new\cityhall2\vrml\base.jpg --> cybertown.com /services/http/80/htdocs/places/cityhall2/vrml base.jpg
100.05.31 00:16 A D:\vanessa\Cybertown\work\cityhall_new\cityhall2\vrml\bfloor.jpg --> cybertown.com /services/http/80/htdocs/places/cityhall2/vrml bfloor.jpg
100.05.31 00:16 A D:\vanessa\Cybertown\work\cityhall_new\cityhall2\vrml\black.jpg --> cybertown.com /services/http/80/htdocs/places/cityhall2/vrml black.jpg
100.05.31 00:16 A D:\vanessa\Cybertown\work\cityhall_new\cityhall2\vrml\bllit.jpg --> cybertown.com /services/http/80/htdocs/places/cityhall2/vrml bllit.jpg
100.05.31 00:16 A D:\vanessa\Cybertown\work\cityhall_new\cityhall2\vrml\blwall.jpg --> cybertown.com /services/http/80/htdocs/places/cityhall2/vrml blwall.jpg
100.05.31 00:16 A D:\vanessa\Cybertown\work\cityhall_new\cityhall2\vrml\cityhall2.wrl --> cybertown.com /services/http/80/htdocs/places/cityhall2/vrml cityhall2.wrl
100.05.31 00:16 A D:\vanessa\Cybertown\work\cityhall_new\cityhall2\vrml\column.jpg --> cybertown.com /services/http/80/htdocs/places/cityhall2/vrml column.jpg
100.05.31 00:16 A D:\vanessa\Cybertown\work\cityhall_new\cityhall2\vrml\door.jpg --> cybertown.com /services/http/80/htdocs/places/cityhall2/vrml door.jpg
100.05.31 00:16 A D:\vanessa\Cybertown\work\cityhall_new\cityhall2\vrml\doraine.jpg --> cybertown.com /services/http/80/htdocs/places/cityhall2/vrml doraine.jpg
100.05.31 00:16 A D:\vanessa\Cybertown\work\cityhall_new\cityhall2\vrml\eagle.jpg --> cybertown.com /services/http/80/htdocs/places/cityhall2/vrml eagle.jpg
100.05.31 00:16 A D:\vanessa\Cybertown\work\cityhall_new\cityhall2\vrml\exit.jpg --> cybertown.com /services/http/80/htdocs/places/cityhall2/vrml exit.jpg
100.05.31 00:16 A D:\vanessa\Cybertown\work\cityhall_new\cityhall2\vrml\floor.jpg --> cybertown.com /services/http/80/htdocs/places/cityhall2/vrml floor.jpg
100.05.31 00:16 A D:\vanessa\Cybertown\work\cityhall_new\cityhall2\vrml\flyby.jpg --> cybertown.com /services/http/80/htdocs/places/cityhall2/vrml flyby.jpg
100.05.31 00:16 A D:\vanessa\Cybertown\work\cityhall_new\cityhall2\vrml\glass.png --> cybertown.com /services/http/80/htdocs/places/cityhall2/vrml glass.png
100.05.31 00:16 A D:\vanessa\Cybertown\work\cityhall_new\cityhall2\vrml\goldtrim.jpg --> cybertown.com /services/http/80/htdocs/places/cityhall2/vrml goldtrim.jpg
100.05.31 00:16 A D:\vanessa\Cybertown\work\cityhall_new\cityhall2\vrml\greenceiling.jpg --> cybertown.com /services/http/80/htdocs/places/cityhall2/vrml greenceiling.jpg
100.05.31 00:16 A D:\vanessa\Cybertown\work\cityhall_new\cityhall2\vrml\greenfloor.jpg --> cybertown.com /services/http/80/htdocs/places/cityhall2/vrml greenfloor.jpg
100.05.31 00:16 A D:\vanessa\Cybertown\work\cityhall_new\cityhall2\vrml\greenwall.jpg --> cybertown.com /services/http/80/htdocs/places/cityhall2/vrml greenwall.jpg
100.05.31 00:16 A D:\vanessa\Cybertown\work\cityhall_new\cityhall2\vrml\iwos.jpg --> cybertown.com /services/http/80/htdocs/places/cityhall2/vrml iwos.jpg
100.05.31 00:16 A D:\vanessa\Cybertown\work\cityhall_new\cityhall2\vrml\light.jpg --> cybertown.com /services/http/80/htdocs/places/cityhall2/vrml light.jpg
100.05.31 00:16 A D:\vanessa\Cybertown\work\cityhall_new\cityhall2\vrml\moulding.jpg --> cybertown.com /services/http/80/htdocs/places/cityhall2/vrml moulding.jpg
100.05.31 00:16 A D:\vanessa\Cybertown\work\cityhall_new\cityhall2\vrml\murmur.wav --> cybertown.com /services/http/80/htdocs/places/cityhall2/vrml murmur.wav
100.05.31 00:16 A D:\vanessa\Cybertown\work\cityhall_new\cityhall2\vrml\pledge.jpg --> cybertown.com /services/http/80/htdocs/places/cityhall2/vrml pledge.jpg
100.05.31 00:16 A D:\vanessa\Cybertown\work\cityhall_new\cityhall2\vrml\podium.jpg --> cybertown.com /services/http/80/htdocs/places/cityhall2/vrml podium.jpg
100.05.31 00:16 A D:\vanessa\Cybertown\work\cityhall_new\cityhall2\vrml\ribs.jpg --> cybertown.com /services/http/80/htdocs/places/cityhall2/vrml ribs.jpg
100.05.31 00:16 A D:\vanessa\Cybertown\work\cityhall_new\cityhall2\vrml\sidlit2.jpg --> cybertown.com /services/http/80/htdocs/places/cityhall2/vrml sidlit2.jpg
100.05.31 00:16 A D:\vanessa\Cybertown\work\cityhall_new\cityhall2\vrml\sidlit3.jpg --> cybertown.com /services/http/80/htdocs/places/cityhall2/vrml sidlit3.jpg
100.05.31 00:16 A D:\vanessa\Cybertown\work\cityhall_new\cityhall2\vrml\sidwal2.jpg --> cybertown.com /services/http/80/htdocs/places/cityhall2/vrml sidwal2.jpg
100.05.31 00:16 A D:\vanessa\Cybertown\work\cityhall_new\cityhall2\vrml\symb.jpg --> cybertown.com /services/http/80/htdocs/places/cityhall2/vrml symb.jpg
100.05.31 00:16 A D:\vanessa\Cybertown\work\cityhall_new\cityhall2\vrml\the_plaza.jpg --> cybertown.com /services/http/80/htdocs/places/cityhall2/vrml the_plaza.jpg
100.05.31 00:16 A D:\vanessa\Cybertown\work\cityhall_new\cityhall2\vrml\wall.jpg --> cybertown.com /services/http/80/htdocs/places/cityhall2/vrml wall.jpg
